TN:
SF:src\js-foundation\01-template.ts
FNF:0
FNH:0
DA:1,1
DA:2,1
DA:3,1
DA:4,1
DA:5,1
DA:6,1
DA:7,1
DA:8,1
DA:9,1
DA:10,1
DA:11,1
LF:11
LH:11
BRF:0
BRH:0
end_of_record
TN:
SF:src\js-foundation\02-destructuring.ts
FNF:0
FNH:0
DA:1,1
DA:2,1
DA:3,1
DA:4,1
DA:5,1
DA:6,1
DA:7,1
DA:8,1
DA:9,1
LF:9
LH:9
BRF:0
BRH:0
end_of_record
TN:
SF:src\js-foundation\03-callbacks.ts
FN:12,getUserById
FNF:1
FNH:1
FNDA:2,getUserById
DA:1,1
DA:2,1
DA:3,1
DA:4,1
DA:5,1
DA:6,1
DA:7,1
DA:8,1
DA:9,1
DA:10,1
DA:11,1
DA:12,2
DA:13,2
DA:14,5
DA:15,2
DA:16,2
DA:17,2
DA:18,1
DA:19,1
DA:20,1
DA:21,1
DA:22,1
DA:23,1
DA:24,1
DA:25,1
DA:26,1
DA:27,1
LF:27
LH:27
BRDA:12,0,0,2
BRDA:17,1,0,1
BRDA:13,2,0,5
BRF:3
BRH:3
end_of_record
TN:
SF:src\js-foundation\05-factory.ts
FN:21,buildMakePerson
FNF:1
FNH:1
FNDA:2,buildMakePerson
DA:1,1
DA:2,1
DA:3,1
DA:4,1
DA:5,1
DA:6,1
DA:7,1
DA:8,1
DA:9,1
DA:10,1
DA:11,1
DA:12,1
DA:13,1
DA:14,1
DA:15,1
DA:16,1
DA:17,1
DA:18,1
DA:19,1
DA:20,1
DA:21,1
DA:22,2
DA:23,1
DA:24,1
DA:25,0
DA:26,0
DA:27,1
DA:28,1
DA:29,1
DA:30,1
DA:31,1
DA:32,1
DA:33,1
DA:34,2
DA:35,1
DA:36,1
LF:36
LH:34
BRDA:21,0,0,2
BRDA:22,1,0,1
BRDA:24,2,0,0
BRF:3
BRH:2
end_of_record
TN:
SF:src\js-foundation\06-promises.ts
FN:11,getPokemonById
FNF:1
FNH:1
FNDA:2,getPokemonById
DA:1,1
DA:2,1
DA:3,1
DA:4,1
DA:5,1
DA:6,1
DA:7,1
DA:8,1
DA:9,1
DA:10,1
DA:11,1
DA:12,2
DA:13,2
DA:14,2
DA:15,2
DA:16,1
DA:17,1
DA:18,1
DA:19,1
DA:20,2
DA:21,1
DA:22,1
DA:23,1
DA:24,1
LF:24
LH:24
BRDA:11,0,0,2
BRDA:16,1,0,1
BRF:2
BRH:2
end_of_record
TN:
SF:src\plugins\get-age.plugin.ts
FN:4,getAge
FNF:1
FNH:0
FNDA:0,getAge
DA:1,1
DA:2,1
DA:3,1
DA:4,1
DA:5,0
DA:6,0
DA:7,0
DA:8,0
DA:9,0
LF:9
LH:4
BRF:0
BRH:0
end_of_record
TN:
SF:src\plugins\get-id.plugin.ts
FN:3,getUUID
FNF:1
FNH:0
FNDA:0,getUUID
DA:1,1
DA:2,1
DA:3,1
DA:4,0
DA:5,0
LF:5
LH:3
BRF:0
BRH:0
end_of_record
TN:
SF:src\plugins\http-client.plugin.ts
FN:4,get
FN:9,post
FN:15,put
FN:21,delete
FNF:4
FNH:1
FNDA:3,get
FNDA:0,post
FNDA:0,put
FNDA:0,delete
DA:1,1
DA:2,1
DA:3,1
DA:4,1
DA:5,3
DA:6,2
DA:7,1
DA:8,1
DA:9,1
DA:10,0
DA:11,0
DA:12,0
DA:13,1
DA:14,1
DA:15,1
DA:16,0
DA:17,0
DA:18,0
DA:19,1
DA:20,1
DA:21,1
DA:22,0
DA:23,0
DA:24,0
DA:25,1
LF:25
LH:16
BRDA:4,0,0,3
BRDA:6,1,0,2
BRF:2
BRH:2
end_of_record
TN:
SF:src\plugins\index.ts
FN:1,get
FN:2,get
FN:3,get
FN:4,get
FNF:4
FNH:2
FNDA:0,get
FNDA:0,get
FNDA:8,get
FNDA:2,get
DA:1,1
DA:2,1
DA:3,1
DA:4,1
DA:5,1
DA:6,1
LF:6
LH:6
BRDA:3,0,0,8
BRDA:4,1,0,2
BRF:2
BRH:2
end_of_record
TN:
SF:src\plugins\logger.plugin.ts
FN:39,buildLogger
FN:41,log
FN:45,error
FNF:3
FNH:2
FNDA:2,buildLogger
FNDA:1,log
FNDA:0,error
DA:1,1
DA:2,1
DA:3,1
DA:4,1
DA:5,1
DA:6,1
DA:7,1
DA:8,1
DA:9,1
DA:10,1
DA:11,1
DA:12,1
DA:13,1
DA:14,1
DA:15,1
DA:16,1
DA:17,1
DA:18,1
DA:19,1
DA:20,1
DA:21,1
DA:22,1
DA:23,1
DA:24,1
DA:25,1
DA:26,1
DA:27,1
DA:28,1
DA:29,1
DA:30,1
DA:31,1
DA:32,1
DA:33,1
DA:34,1
DA:35,1
DA:36,1
DA:37,1
DA:38,1
DA:39,1
DA:40,2
DA:41,2
DA:42,1
DA:43,1
DA:44,2
DA:45,2
DA:46,0
DA:47,0
DA:48,0
DA:49,0
DA:50,0
DA:51,2
DA:52,2
LF:52
LH:47
BRDA:39,0,0,2
BRDA:41,1,0,1
BRF:2
BRH:2
end_of_record
